<?xml version="1.0" encoding="UTF-8"?>
<coverage generated="1542861833901" clover="3.2.0">
  <project timestamp="1542861833902" name="All files">
    <metrics statements="140" coveredstatements="136" conditionals="48" coveredconditionals="40" methods="28" coveredmethods="26" elements="216" coveredelements="202" complexity="0" loc="140" ncloc="140" packages="2" files="6" classes="6">
      <package name="models">
        <metrics statements="128" coveredstatements="124" conditionals="48" coveredconditionals="40" methods="28" coveredmethods="26"/>
        <file name="alert.js" path="C:\Users\Lisa\repos\UBSafe-Backend\models\alert.js">
          <metrics statements="50" coveredstatements="48" conditionals="20" coveredconditionals="17" methods="7" coveredmethods="6"/>
          <line num="1" count="1" type="stmt"/>
          <line num="3" count="1" type="stmt"/>
          <line num="4" count="1" type="stmt"/>
          <line num="5" count="1" type="stmt"/>
          <line num="6" count="1" type="stmt"/>
          <line num="7" count="1" type="stmt"/>
          <line num="8" count="1" type="stmt"/>
          <line num="9" count="1" type="stmt"/>
          <line num="10" count="1" type="stmt"/>
          <line num="11" count="1" type="stmt"/>
          <line num="15" count="2" type="stmt"/>
          <line num="16" count="2" type="stmt"/>
          <line num="17" count="2" type="stmt"/>
          <line num="18" count="2" type="cond" truecount="2" falsecount="0"/>
          <line num="20" count="1" type="stmt"/>
          <line num="22" count="2" type="stmt"/>
          <line num="23" count="2" type="stmt"/>
          <line num="24" count="2" type="stmt"/>
          <line num="25" count="2" type="stmt"/>
          <line num="26" count="2" type="stmt"/>
          <line num="28" count="1" type="stmt"/>
          <line num="29" count="1" type="stmt"/>
          <line num="30" count="1" type="stmt"/>
          <line num="31" count="1" type="cond" truecount="1" falsecount="1"/>
          <line num="33" count="1" type="stmt"/>
          <line num="36" count="0" type="stmt"/>
          <line num="37" count="0" type="stmt"/>
          <line num="45" count="10" type="cond" truecount="10" falsecount="0"/>
          <line num="48" count="1" type="stmt"/>
          <line num="53" count="1" type="stmt"/>
          <line num="58" count="1" type="stmt"/>
          <line num="63" count="1" type="stmt"/>
          <line num="68" count="1" type="stmt"/>
          <line num="73" count="1" type="stmt"/>
          <line num="78" count="1" type="stmt"/>
          <line num="87" count="1" type="stmt"/>
          <line num="96" count="1" type="stmt"/>
          <line num="102" count="1" type="stmt"/>
          <line num="108" count="1" type="stmt"/>
          <line num="109" count="1" type="stmt"/>
          <line num="110" count="1" type="cond" truecount="1" falsecount="1"/>
          <line num="111" count="1" type="cond" truecount="1" falsecount="1"/>
          <line num="116" count="2" type="stmt"/>
          <line num="117" count="2" type="stmt"/>
          <line num="119" count="2" type="cond" truecount="2" falsecount="0"/>
          <line num="121" count="1" type="stmt"/>
          <line num="122" count="1" type="stmt"/>
          <line num="124" count="1" type="stmt"/>
          <line num="126" count="2" type="stmt"/>
          <line num="129" count="1" type="stmt"/>
        </file>
        <file name="location.js" path="C:\Users\Lisa\repos\UBSafe-Backend\models\location.js">
          <metrics statements="19" coveredstatements="18" conditionals="0" coveredconditionals="0" methods="7" coveredmethods="6"/>
          <line num="1" count="2" type="stmt"/>
          <line num="2" count="2" type="stmt"/>
          <line num="3" count="2" type="stmt"/>
          <line num="8" count="3" type="stmt"/>
          <line num="9" count="3" type="stmt"/>
          <line num="13" count="3" type="stmt"/>
          <line num="15" count="3" type="stmt"/>
          <line num="16" count="24" type="stmt"/>
          <line num="17" count="24" type="stmt"/>
          <line num="18" count="0" type="stmt"/>
          <line num="21" count="3" type="stmt"/>
          <line num="22" count="3" type="stmt"/>
          <line num="23" count="3" type="stmt"/>
          <line num="31" count="3" type="stmt"/>
          <line num="32" count="3" type="stmt"/>
          <line num="33" count="3" type="stmt"/>
          <line num="36" count="1" type="stmt"/>
          <line num="40" count="2" type="stmt"/>
          <line num="41" count="2" type="stmt"/>
        </file>
        <file name="recommendation.js" path="C:\Users\Lisa\repos\UBSafe-Backend\models\recommendation.js">
          <metrics statements="28" coveredstatements="27" conditionals="18" coveredconditionals="16" methods="5" coveredmethods="5"/>
          <line num="1" count="1" type="stmt"/>
          <line num="2" count="1" type="stmt"/>
          <line num="3" count="1" type="stmt"/>
          <line num="8" count="2" type="stmt"/>
          <line num="9" count="2" type="stmt"/>
          <line num="10" count="1" type="stmt"/>
          <line num="11" count="1" type="stmt"/>
          <line num="12" count="1" type="stmt"/>
          <line num="13" count="1" type="stmt"/>
          <line num="14" count="1" type="stmt"/>
          <line num="17" count="1" type="stmt"/>
          <line num="18" count="1" type="stmt"/>
          <line num="24" count="8" type="stmt"/>
          <line num="25" count="1" type="stmt"/>
          <line num="26" count="6" type="stmt"/>
          <line num="27" count="1" type="stmt"/>
          <line num="33" count="8" type="cond" truecount="2" falsecount="0"/>
          <line num="35" count="2" type="stmt"/>
          <line num="37" count="6" type="cond" truecount="4" falsecount="0"/>
          <line num="39" count="1" type="stmt"/>
          <line num="41" count="5" type="cond" truecount="4" falsecount="0"/>
          <line num="43" count="1" type="stmt"/>
          <line num="45" count="4" type="cond" truecount="2" falsecount="2"/>
          <line num="47" count="0" type="stmt"/>
          <line num="49" count="4" type="cond" truecount="4" falsecount="0"/>
          <line num="51" count="3" type="stmt"/>
          <line num="53" count="1" type="stmt"/>
          <line num="56" count="1" type="stmt"/>
        </file>
        <file name="response.js" path="C:\Users\Lisa\repos\UBSafe-Backend\models\response.js">
          <metrics statements="4" coveredstatements="4" conditionals="6" coveredconditionals="3" methods="1" coveredmethods="1"/>
          <line num="3" count="1" type="stmt"/>
          <line num="4" count="1" type="cond" truecount="2" falsecount="2"/>
          <line num="5" count="1" type="cond" truecount="1" falsecount="1"/>
          <line num="7" count="1" type="stmt"/>
        </file>
        <file name="user.js" path="C:\Users\Lisa\repos\UBSafe-Backend\models\user.js">
          <metrics statements="27" coveredstatements="27" conditionals="4" coveredconditionals="4" methods="8" coveredmethods="8"/>
          <line num="1" count="3" type="stmt"/>
          <line num="5" count="28" type="stmt"/>
          <line num="6" count="28" type="stmt"/>
          <line num="7" count="28" type="cond" truecount="2" falsecount="0"/>
          <line num="9" count="2" type="stmt"/>
          <line num="11" count="26" type="stmt"/>
          <line num="14" count="2" type="stmt"/>
          <line num="20" count="2" type="cond" truecount="2" falsecount="0"/>
          <line num="22" count="1" type="stmt"/>
          <line num="23" count="6" type="stmt"/>
          <line num="24" count="1" type="stmt"/>
          <line num="25" count="1" type="stmt"/>
          <line num="27" count="1" type="stmt"/>
          <line num="32" count="5" type="stmt"/>
          <line num="33" count="5" type="stmt"/>
          <line num="34" count="6" type="stmt"/>
          <line num="36" count="5" type="stmt"/>
          <line num="41" count="2" type="stmt"/>
          <line num="42" count="2" type="stmt"/>
          <line num="43" count="4" type="stmt"/>
          <line num="45" count="2" type="stmt"/>
          <line num="49" count="6" type="stmt"/>
          <line num="50" count="6" type="stmt"/>
          <line num="51" count="6" type="stmt"/>
          <line num="52" count="6" type="stmt"/>
          <line num="53" count="6" type="stmt"/>
          <line num="56" count="3" type="stmt"/>
        </file>
      </package>
      <package name="tests">
        <metrics statements="12" coveredstatements="12" conditionals="0" coveredconditionals="0" methods="0" coveredmethods="0"/>
        <file name="test_db.js" path="C:\Users\Lisa\repos\UBSafe-Backend\tests\test_db.js">
          <metrics statements="12" coveredstatements="12" conditionals="0" coveredconditionals="0" methods="0" coveredmethods="0"/>
          <line num="3" count="3" type="stmt"/>
          <line num="4" count="3" type="stmt"/>
          <line num="5" count="3" type="stmt"/>
          <line num="7" count="3" type="stmt"/>
          <line num="9" count="3" type="stmt"/>
          <line num="12" count="3" type="stmt"/>
          <line num="13" count="3" type="stmt"/>
          <line num="16" count="3" type="stmt"/>
          <line num="18" count="3" type="stmt"/>
          <line num="20" count="3" type="stmt"/>
          <line num="21" count="3" type="stmt"/>
          <line num="22" count="3" type="stmt"/>
        </file>
      </package>
    </metrics>
  </project>
</coverage>
