TN:
SF:C:\Users\Lisa\repos\UBSafe-Backend\models\user.js
FN:3,getUser
FN:18,getAvgRating
FN:23,(anonymous_2)
FN:30,getUserProfiles
FN:33,(anonymous_4)
FN:39,getDeviceTokens
FN:42,(anonymous_6)
FN:48,UserProfile
FNF:8
FNH:8
FNDA:2,getUser
FNDA:2,getAvgRating
FNDA:6,(anonymous_2)
FNDA:2,getUserProfiles
FNDA:2,(anonymous_4)
FNDA:1,getDeviceTokens
FNDA:4,(anonymous_6)
FNDA:2,UserProfile
DA:1,1
DA:5,2
DA:6,2
DA:7,2
DA:9,1
DA:11,1
DA:14,1
DA:20,2
DA:22,1
DA:23,6
DA:24,1
DA:25,1
DA:27,1
DA:32,2
DA:33,2
DA:34,2
DA:36,2
DA:41,1
DA:42,1
DA:43,4
DA:45,1
DA:49,2
DA:50,2
DA:51,2
DA:52,2
DA:53,2
DA:56,1
LF:27
LH:27
BRDA:7,0,0,1
BRDA:7,0,1,1
BRDA:20,1,0,1
BRDA:20,1,1,1
BRF:4
BRH:4
end_of_record
