TN:
SF:C:\Users\Lisa\repos\UBSafe-Backend\db.js
FNF:0
FNH:0
DA:2,1
DA:3,1
DA:4,1
DA:7,1
DA:9,1
DA:12,1
DA:13,1
DA:16,1
DA:18,1
DA:20,1
DA:21,1
DA:22,1
LF:12
LH:12
BRF:0
BRH:0
end_of_record
TN:
SF:C:\Users\Lisa\repos\UBSafe-Backend\models\user.js
FN:3,getUser
FN:5,(anonymous_1)
FN:8,(anonymous_2)
FN:16,(anonymous_3)
FN:22,getAvgRating
FN:27,(anonymous_5)
FN:34,getUserProfiles
FN:37,(anonymous_7)
FN:43,getDeviceTokens
FN:46,(anonymous_9)
FN:52,UserProfile
FNF:11
FNH:7
FNDA:0,getUser
FNDA:0,(anonymous_1)
FNDA:0,(anonymous_2)
FNDA:0,(anonymous_3)
FNDA:2,getAvgRating
FNDA:6,(anonymous_5)
FNDA:2,getUserProfiles
FNDA:2,(anonymous_7)
FNDA:1,getDeviceTokens
FNDA:4,(anonymous_9)
FNDA:2,UserProfile
DA:1,1
DA:5,0
DA:6,0
DA:7,0
DA:9,0
DA:10,0
DA:13,0
DA:17,0
DA:24,2
DA:26,1
DA:27,6
DA:28,1
DA:29,1
DA:31,1
DA:36,2
DA:37,2
DA:38,2
DA:40,2
DA:45,1
DA:46,1
DA:47,4
DA:49,1
DA:53,2
DA:54,2
DA:55,2
DA:56,2
DA:57,2
DA:60,1
LF:28
LH:21
BRDA:9,0,0,0
BRDA:9,0,1,0
BRDA:24,1,0,1
BRDA:24,1,1,1
BRF:4
BRH:2
end_of_record
